[2021-01-31T10:51:22.467694-06:00] errors.INFO: New financial entry made {"maker":"Administrator"} []
[2021-01-31T10:55:17.210397-06:00] errors.INFO: New financial entry made {"maker":"Administrator"} []
[2021-02-05T20:34:01.542883-06:00] errors.INFO: Finance entry edited successfully by  {"maker":"Administrator"} []
[2021-02-06T00:24:29.610815-06:00] errors.INFO: Finance entry edited successfully by  {"maker":"Administrator"} []
[2021-02-06T00:30:37.390800-06:00] errors.INFO: New financial entry made {"maker":"Administrator"} []
[2021-02-06T00:35:51.729524-06:00] errors.INFO: Finance entry edited successfully by  {"maker":"Administrator"} []
[2021-02-06T00:54:18.601231-06:00] errors.INFO: Financial entry with id=3 has been deleted {"maker":"Administrator"} []
[2021-02-06T00:58:24.651244-06:00] errors.INFO: Financial entry with id=1 has been deleted {"maker":"Administrator"} []
[2021-02-06T01:14:39.690830-06:00] errors.INFO: Finance entry edited successfully by  {"maker":"Administrator"} []
[2021-02-06T01:51:20.582226-06:00] errors.INFO: Finance entry edited successfully by  {"maker":"Administrator"} []
[2021-02-06T02:03:49.158944-06:00] errors.INFO: Finance entry edited successfully by  {"maker":"Administrator"} []
[2021-02-06T07:26:48.456728-06:00] errors.INFO: Finance entry edited successfully by  {"maker":"Administrator"} []
[2021-02-08T13:06:25.257938-06:00] errors.INFO: New financial entry made {"maker":null} []
[2021-02-09T09:39:17.912004-06:00] errors.INFO: New financial entry made {"maker":null} []
[2021-02-09T09:40:02.585864-06:00] errors.INFO: Finance entry edited successfully by  {"maker":null} []
[2021-02-09T09:40:14.240198-06:00] errors.INFO: Finance entry edited successfully by  {"maker":null} []
[2021-02-09T09:41:48.878067-06:00] errors.INFO: Finance entry edited successfully by  {"maker":null} []
[2021-02-10T13:34:58.388911-06:00] errors.WARNING: ErrorException: Undefined property: stdClass::$proformaId in C:\wamp64\www\code4\app\Controllers\Finance.php:258 Stack trace: #0 C:\wamp64\www\code4\app\Controllers\Finance.php(258): CodeIgniter\Debug\Exceptions->errorHandler(8, 'Undefined prope...', 'C:\\wamp64\\www\\c...', 258, Array) #1 C:\wamp64\www\code4\vendor\codeigniter4\framework\system\CodeIgniter.php(910): App\Controllers\Finance->generate() #2 C:\wamp64\www\code4\vendor\codeigniter4\framework\system\CodeIgniter.php(398): CodeIgniter\CodeIgniter->runController(Object(App\Controllers\Finance)) #3 C:\wamp64\www\code4\vendor\codeigniter4\framework\system\CodeIgniter.php(306): CodeIgniter\CodeIgniter->handleRequest(NULL, Object(Config\Cache), false) #4 C:\wamp64\www\code4\index.php(45): CodeIgniter\CodeIgniter->run() #5 {main} [] []
[2021-02-10T13:35:57.538837-06:00] errors.WARNING: ErrorException: Undefined property: stdClass::$taxInvoiceId in C:\wamp64\www\code4\app\Controllers\Finance.php:259 Stack trace: #0 C:\wamp64\www\code4\app\Controllers\Finance.php(259): CodeIgniter\Debug\Exceptions->errorHandler(8, 'Undefined prope...', 'C:\\wamp64\\www\\c...', 259, Array) #1 C:\wamp64\www\code4\vendor\codeigniter4\framework\system\CodeIgniter.php(910): App\Controllers\Finance->generate() #2 C:\wamp64\www\code4\vendor\codeigniter4\framework\system\CodeIgniter.php(398): CodeIgniter\CodeIgniter->runController(Object(App\Controllers\Finance)) #3 C:\wamp64\www\code4\vendor\codeigniter4\framework\system\CodeIgniter.php(306): CodeIgniter\CodeIgniter->handleRequest(NULL, Object(Config\Cache), false) #4 C:\wamp64\www\code4\index.php(45): CodeIgniter\CodeIgniter->run() #5 {main} [] []
[2021-02-11T12:33:45.029395-06:00] errors.INFO: New financial entry made {"maker":null} []
[2021-02-11T13:46:05.631661-06:00] errors.INFO: Finance entry edited successfully by  {"maker":null} []
[2021-02-11T13:47:30.429490-06:00] errors.INFO: Finance entry edited successfully by  {"maker":null} []
[2021-02-11T13:47:34.959480-06:00] errors.INFO: Finance entry edited successfully by  {"maker":null} []
[2021-02-11T13:47:42.087039-06:00] errors.INFO: Finance entry edited successfully by  {"maker":null} []
[2021-02-11T13:47:50.566468-06:00] errors.INFO: Finance entry edited successfully by  {"maker":null} []
[2021-02-11T14:07:20.683704-06:00] errors.INFO: Generating all customers report by {"User":null} []
[2021-02-11T14:07:38.203420-06:00] errors.INFO: Generating all customers report by {"User":null} []
[2021-02-11T14:07:50.535690-06:00] errors.INFO: Generating all customers report by {"User":null} []
[2021-02-11T14:16:36.137083-06:00] errors.INFO: Generating all customers report by {"maker":"Administrator"} []
[2021-02-11T15:03:06.197144-06:00] errors.INFO: Generating all customers report by {"maker":"Administrator"} []
[2021-02-11T15:10:02.714171-06:00] errors.INFO: Finance entry edited successfully by  {"maker":"Administrator"} []
[2021-02-11T15:11:19.166484-06:00] errors.INFO: Finance entry edited successfully by  {"maker":"Administrator"} []
[2021-02-11T15:15:22.966954-06:00] errors.INFO: Generating specific customer (1) report by {"User":"Administrator"} []
[2021-02-11T15:23:04.963807-06:00] errors.INFO: Generating specific customer (6) report by {"User":"Administrator"} []
[2021-02-11T15:57:45.093255-06:00] errors.INFO: Generating specific customer (6) report by {"User":"Administrator"} []
[2021-02-11T16:02:17.311614-06:00] errors.INFO: Generating specific customer (1) report by {"User":"Administrator"} []
[2021-02-11T16:06:19.137977-06:00] errors.INFO: Generating specific customer (8) report by {"User":"Administrator"} []
[2021-02-11T16:07:19.744006-06:00] errors.INFO: Generating specific customer (8) report by {"User":"Administrator"} []
[2021-02-11T16:09:52.042201-06:00] errors.INFO: Generating specific customer (8) report by {"User":"Administrator"} []
[2021-02-11T16:17:53.094938-06:00] errors.INFO: Generating all customers report by {"maker":null} []
[2021-02-11T16:18:57.233436-06:00] errors.INFO: Generating all customers report by {"maker":"Administrator"} []
